This file contains any messages produced by compilers while
running configure, to aid debugging if configure makes a mistake.

It was created by MP4v2 configure -r, which was
generated by GNU Autoconf 2.69.  Invocation command line was

  $ ./configure 

## --------- ##
## Platform. ##
## --------- ##

hostname = MC-MBP
uname -m = x86_64
uname -r = 19.3.0
uname -s = Darwin
uname -v = Darwin Kernel Version 19.3.0: Thu Jan  9 20:58:23 PST 2020; root:xnu-6153.81.5~1/RELEASE_X86_64

/usr/bin/uname -p = i386
/bin/uname -X     = unknown

/bin/arch              = unknown
/usr/bin/arch -k       = unknown
/usr/convex/getsysinfo = unknown
/usr/bin/hostinfo      = Mach kernel version:
	 Darwin Kernel Version 19.3.0: Thu Jan  9 20:58:23 PST 2020; root:xnu-6153.81.5~1/RELEASE_X86_64
Kernel configured for up to 16 processors.
8 processors are physically available.
16 processors are logically available.
Processor type: x86_64h (Intel x86-64h Haswell)
Processors active: 0 1 2 3 4 5 6 7 8 9 10 11 12 13 14 15
Primary memory available: 16.00 gigabytes
Default processor set: 510 tasks, 3718 threads, 16 processors
Load average: 1.58, Mach factor: 14.40
/bin/machine           = unknown
/usr/bin/oslevel       = unknown
/bin/universe          = unknown

PATH: /usr/local/sbin
PATH: /Users/mc/.rbenv/shims
PATH: /usr/local/bin
PATH: /usr/bin
PATH: /bin
PATH: /usr/sbin
PATH: /sbin
PATH: /opt/X11/bin


## ----------- ##
## Core tests. ##
## ----------- ##

configure:2324:
  -->
  --> Configuring MP4v2 -r
  -->
configure:2376: checking for a BSD-compatible install
configure:2444: result: /usr/local/bin/ginstall -c
configure:2455: checking whether build environment is sane
configure:2510: result: yes
configure:2661: checking for a thread-safe mkdir -p
configure:2700: result: /usr/local/bin/gmkdir -p
configure:2707: checking for gawk
configure:2737: result: no
configure:2707: checking for mawk
configure:2737: result: no
configure:2707: checking for nawk
configure:2737: result: no
configure:2707: checking for awk
configure:2723: found /usr/bin/awk
configure:2734: result: awk
configure:2745: checking whether make sets $(MAKE)
configure:2767: result: yes
configure:2796: checking whether make supports nested variables
configure:2813: result: yes
configure:2951: checking build system type
configure:2965: result: x86_64-apple-darwin19.3.0
configure:2985: checking host system type
configure:2998: result: x86_64-apple-darwin19.3.0
configure:3140: checking for g++
configure:3156: found /usr/bin/g++
configure:3167: result: g++
configure:3194: checking for C++ compiler version
configure:3203: g++ --version >&5
Apple clang version 11.0.0 (clang-1100.0.33.17)
Target: x86_64-apple-darwin19.3.0
Thread model: posix
InstalledDir: /Applications/Xcode.app/Contents/Developer/Toolchains/XcodeDefault.xctoolchain/usr/bin
Configured with: --prefix=/Applications/Xcode.app/Contents/Developer/usr --with-gxx-include-dir=/Applications/Xcode.app/Contents/Developer/Platforms/MacOSX.platform/Developer/SDKs/MacOSX.sdk/usr/include/c++/4.2.1
configure:3214: $? = 0
configure:3203: g++ -v >&5
Configured with: --prefix=/Applications/Xcode.app/Contents/Developer/usr --with-gxx-include-dir=/Applications/Xcode.app/Contents/Developer/Platforms/MacOSX.platform/Developer/SDKs/MacOSX.sdk/usr/include/c++/4.2.1
Apple clang version 11.0.0 (clang-1100.0.33.17)
Target: x86_64-apple-darwin19.3.0
Thread model: posix
InstalledDir: /Applications/Xcode.app/Contents/Developer/Toolchains/XcodeDefault.xctoolchain/usr/bin
configure:3214: $? = 0
configure:3203: g++ -V >&5
clang: error: unsupported option '-V -Wno-framework-include-private-from-public'
clang: error: no input files
configure:3214: $? = 1
configure:3203: g++ -qversion >&5
clang: error: unknown argument '-qversion', did you mean '--version'?
clang: error: no input files
configure:3214: $? = 1
configure:3234: checking whether the C++ compiler works
configure:3256: g++    conftest.cpp  >&5
configure:3260: $? = 0
configure:3308: result: yes
configure:3311: checking for C++ compiler default output file name
configure:3313: result: a.out
configure:3319: checking for suffix of executables
configure:3326: g++ -o conftest    conftest.cpp  >&5
configure:3330: $? = 0
configure:3352: result: 
configure:3374: checking whether we are cross compiling
configure:3382: g++ -o conftest    conftest.cpp  >&5
configure:3386: $? = 0
configure:3393: ./conftest
configure:3397: $? = 0
configure:3412: result: no
configure:3417: checking for suffix of object files
configure:3439: g++ -c   conftest.cpp >&5
configure:3443: $? = 0
configure:3464: result: o
configure:3468: checking whether we are using the GNU C++ compiler
configure:3487: g++ -c   conftest.cpp >&5
configure:3487: $? = 0
configure:3496: result: yes
configure:3505: checking whether g++ accepts -g
configure:3525: g++ -c -g  conftest.cpp >&5
configure:3525: $? = 0
configure:3566: result: yes
configure:3592: checking whether make supports the include directive
configure:3607: make -f confmf.GNU && cat confinc.out
this is the am__doit target
configure:3610: $? = 0
configure:3629: result: yes (GNU style)
configure:3654: checking dependency style of g++
configure:3765: result: none
configure:3826: checking how to print strings
configure:3853: result: printf
configure:3922: checking for gcc
configure:3938: found /usr/bin/gcc
configure:3949: result: gcc
configure:4178: checking for C compiler version
configure:4187: gcc --version >&5
Apple clang version 11.0.0 (clang-1100.0.33.17)
Target: x86_64-apple-darwin19.3.0
Thread model: posix
InstalledDir: /Applications/Xcode.app/Contents/Developer/Toolchains/XcodeDefault.xctoolchain/usr/bin
Configured with: --prefix=/Applications/Xcode.app/Contents/Developer/usr --with-gxx-include-dir=/Applications/Xcode.app/Contents/Developer/Platforms/MacOSX.platform/Developer/SDKs/MacOSX.sdk/usr/include/c++/4.2.1
configure:4198: $? = 0
configure:4187: gcc -v >&5
Configured with: --prefix=/Applications/Xcode.app/Contents/Developer/usr --with-gxx-include-dir=/Applications/Xcode.app/Contents/Developer/Platforms/MacOSX.platform/Developer/SDKs/MacOSX.sdk/usr/include/c++/4.2.1
Apple clang version 11.0.0 (clang-1100.0.33.17)
Target: x86_64-apple-darwin19.3.0
Thread model: posix
InstalledDir: /Applications/Xcode.app/Contents/Developer/Toolchains/XcodeDefault.xctoolchain/usr/bin
configure:4198: $? = 0
configure:4187: gcc -V >&5
clang: error: unsupported option '-V -Wno-framework-include-private-from-public'
clang: error: no input files
configure:4198: $? = 1
configure:4187: gcc -qversion >&5
clang: error: unknown argument '-qversion', did you mean '--version'?
clang: error: no input files
configure:4198: $? = 1
configure:4202: checking whether we are using the GNU C compiler
configure:4221: gcc -c   conftest.c >&5
configure:4221: $? = 0
configure:4230: result: yes
configure:4239: checking whether gcc accepts -g
configure:4259: gcc -c -g  conftest.c >&5
configure:4259: $? = 0
configure:4300: result: yes
configure:4317: checking for gcc option to accept ISO C89
configure:4380: gcc  -c -g -O2  conftest.c >&5
configure:4380: $? = 0
configure:4393: result: none needed
configure:4418: checking whether gcc understands -c and -o together
configure:4440: gcc -c conftest.c -o conftest2.o
configure:4443: $? = 0
configure:4440: gcc -c conftest.c -o conftest2.o
configure:4443: $? = 0
configure:4455: result: yes
configure:4474: checking dependency style of gcc
configure:4585: result: none
configure:4600: checking for a sed that does not truncate output
configure:4664: result: /usr/local/bin/gsed
configure:4682: checking for grep that handles long lines and -e
configure:4740: result: /usr/bin/grep
configure:4745: checking for egrep
configure:4807: result: /usr/bin/grep -E
configure:4812: checking for fgrep
configure:4874: result: /usr/bin/grep -F
configure:4909: checking for ld used by gcc
configure:4976: result: /Applications/Xcode.app/Contents/Developer/Toolchains/XcodeDefault.xctoolchain/usr/bin/ld
configure:4983: checking if the linker (/Applications/Xcode.app/Contents/Developer/Toolchains/XcodeDefault.xctoolchain/usr/bin/ld) is GNU ld
configure:4998: result: no
configure:5010: checking for BSD- or MS-compatible name lister (nm)
configure:5064: result: /usr/bin/nm -B
configure:5194: checking the name lister (/usr/bin/nm -B) interface
configure:5201: gcc -c -g -O2  conftest.c >&5
configure:5204: /usr/bin/nm -B "conftest.o"
configure:5207: output
000000000000020c S _some_variable
configure:5214: result: BSD nm
configure:5217: checking whether ln -s works
configure:5221: result: yes
configure:5229: checking the maximum length of command line arguments
configure:5360: result: 196608
configure:5408: checking how to convert x86_64-apple-darwin19.3.0 file names to x86_64-apple-darwin19.3.0 format
configure:5448: result: func_convert_file_noop
configure:5455: checking how to convert x86_64-apple-darwin19.3.0 file names to toolchain format
configure:5475: result: func_convert_file_noop
configure:5482: checking for /Applications/Xcode.app/Contents/Developer/Toolchains/XcodeDefault.xctoolchain/usr/bin/ld option to reload object files
configure:5489: result: -r
configure:5563: checking for objdump
configure:5579: found /usr/bin/objdump
configure:5590: result: objdump
configure:5622: checking how to recognize dependent libraries
configure:5822: result: pass_all
configure:5907: checking for dlltool
configure:5937: result: no
configure:5967: checking how to associate runtime and link libraries
configure:5994: result: printf %s\n
configure:6055: checking for ar
configure:6071: found /usr/bin/ar
configure:6082: result: ar
configure:6119: checking for archiver @FILE support
configure:6136: gcc -c -g -O2  conftest.c >&5
configure:6136: $? = 0
configure:6139: ar cru libconftest.a @conftest.lst >&5
ar: @conftest.lst: No such file or directory
configure:6142: $? = 1
configure:6162: result: no
configure:6220: checking for strip
configure:6236: found /usr/bin/strip
configure:6247: result: strip
configure:6319: checking for ranlib
configure:6335: found /usr/bin/ranlib
configure:6346: result: ranlib
configure:6448: checking command to parse /usr/bin/nm -B output from gcc object
configure:6601: gcc -c -g -O2  conftest.c >&5
configure:6604: $? = 0
configure:6608: /usr/bin/nm -B conftest.o \| sed -n -e 's/^.*[ ]\([BCDEGRST][BCDEGRST]*\)[ ][ ]*\([_A-Za-z][_A-Za-z0-9]*\)$/\1 \2 \2/p' | sed '/ __gnu_lto/d' \> conftest.nm
configure:6611: $? = 0
cannot find nm_test_var in conftest.nm
configure:6601: gcc -c -g -O2  conftest.c >&5
configure:6604: $? = 0
configure:6608: /usr/bin/nm -B conftest.o \| sed -n -e 's/^.*[ ]\([BCDEGRST][BCDEGRST]*\)[ ][ ]*_\([_A-Za-z][_A-Za-z0-9]*\)$/\1 _\2 \2/p' | sed '/ __gnu_lto/d' \> conftest.nm
configure:6611: $? = 0
configure:6677: gcc -o conftest -g -O2   conftest.c conftstm.o >&5
warning: (x86_64)  could not find object file symbol for symbol _main
configure:6680: $? = 0
configure:6718: result: ok
configure:6765: checking for sysroot
configure:6795: result: no
configure:6802: checking for a working dd
configure:6840: result: /bin/dd
configure:6844: checking how to truncate binary pipes
configure:6859: result: /bin/dd bs=4096 count=1
configure:7188: checking for mt
configure:7218: result: no
configure:7238: checking if : is a manifest tool
configure:7244: : '-?'
configure:7252: result: no
configure:7308: checking for dsymutil
configure:7324: found /usr/bin/dsymutil
configure:7335: result: dsymutil
configure:7400: checking for nmedit
configure:7416: found /usr/bin/nmedit
configure:7427: result: nmedit
configure:7492: checking for lipo
configure:7508: found /usr/bin/lipo
configure:7519: result: lipo
configure:7584: checking for otool
configure:7600: found /usr/bin/otool
configure:7611: result: otool
configure:7676: checking for otool64
configure:7706: result: no
configure:7751: checking for -single_module linker flag
gcc -g -O2  -o libconftest.dylib -dynamiclib -Wl,-single_module conftest.c
configure:7784: result: yes
configure:7787: checking for -exported_symbols_list linker flag
configure:7807: gcc -o conftest -g -O2   -Wl,-exported_symbols_list,conftest.sym conftest.c  >&5
configure:7807: $? = 0
configure:7817: result: yes
configure:7820: checking for -force_load linker flag
gcc -g -O2 -c -o conftest.o conftest.c
ar cru libconftest.a conftest.o
ranlib libconftest.a
gcc -g -O2  -o conftest conftest.c -Wl,-force_load,./libconftest.a
configure:7852: result: yes
configure:7929: checking how to run the C preprocessor
configure:7960: gcc -E  conftest.c
configure:7960: $? = 0
configure:7974: gcc -E  conftest.c
conftest.c:11:10: fatal error: 'ac_nonexistent.h' file not found
#include <ac_nonexistent.h>
         ^~~~~~~~~~~~~~~~~~
1 error generated.
configure:7974: $? = 1
configure: failed program was:
| /* confdefs.h */
| #define PACKAGE_NAME "MP4v2"
| #define PACKAGE_TARNAME "mp4v2"
| #define PACKAGE_VERSION "-r"
| #define PACKAGE_STRING "MP4v2 -r"
| #define PACKAGE_BUGREPORT "kidjan@gmail.com"
| #define PACKAGE_URL ""
| #define PACKAGE "mp4v2"
| #define VERSION "-r"
| /* end confdefs.h.  */
| #include <ac_nonexistent.h>
configure:7999: result: gcc -E
configure:8019: gcc -E  conftest.c
configure:8019: $? = 0
configure:8033: gcc -E  conftest.c
conftest.c:11:10: fatal error: 'ac_nonexistent.h' file not found
#include <ac_nonexistent.h>
         ^~~~~~~~~~~~~~~~~~
1 error generated.
configure:8033: $? = 1
configure: failed program was:
| /* confdefs.h */
| #define PACKAGE_NAME "MP4v2"
| #define PACKAGE_TARNAME "mp4v2"
| #define PACKAGE_VERSION "-r"
| #define PACKAGE_STRING "MP4v2 -r"
| #define PACKAGE_BUGREPORT "kidjan@gmail.com"
| #define PACKAGE_URL ""
| #define PACKAGE "mp4v2"
| #define VERSION "-r"
| /* end confdefs.h.  */
| #include <ac_nonexistent.h>
configure:8062: checking for ANSI C header files
configure:8082: gcc -c -g -O2  conftest.c >&5
configure:8082: $? = 0
configure:8155: gcc -o conftest -g -O2   conftest.c  >&5
configure:8155: $? = 0
configure:8155: ./conftest
configure:8155: $? = 0
configure:8166: result: yes
configure:8179: checking for sys/types.h
configure:8179: gcc -c -g -O2  conftest.c >&5
configure:8179: $? = 0
configure:8179: result: yes
configure:8179: checking for sys/stat.h
configure:8179: gcc -c -g -O2  conftest.c >&5
configure:8179: $? = 0
configure:8179: result: yes
configure:8179: checking for stdlib.h
configure:8179: gcc -c -g -O2  conftest.c >&5
configure:8179: $? = 0
configure:8179: result: yes
configure:8179: checking for string.h
configure:8179: gcc -c -g -O2  conftest.c >&5
configure:8179: $? = 0
configure:8179: result: yes
configure:8179: checking for memory.h
configure:8179: gcc -c -g -O2  conftest.c >&5
configure:8179: $? = 0
configure:8179: result: yes
configure:8179: checking for strings.h
configure:8179: gcc -c -g -O2  conftest.c >&5
configure:8179: $? = 0
configure:8179: result: yes
configure:8179: checking for inttypes.h
configure:8179: gcc -c -g -O2  conftest.c >&5
configure:8179: $? = 0
configure:8179: result: yes
configure:8179: checking for stdint.h
configure:8179: gcc -c -g -O2  conftest.c >&5
configure:8179: $? = 0
configure:8179: result: yes
configure:8179: checking for unistd.h
configure:8179: gcc -c -g -O2  conftest.c >&5
configure:8179: $? = 0
configure:8179: result: yes
configure:8193: checking for dlfcn.h
configure:8193: gcc -c -g -O2  conftest.c >&5
configure:8193: $? = 0
configure:8193: result: yes
configure:8460: checking for objdir
configure:8475: result: .libs
configure:8739: checking if gcc supports -fno-rtti -fno-exceptions
configure:8757: gcc -c -g -O2  -fno-rtti -fno-exceptions conftest.c >&5
configure:8761: $? = 0
configure:8774: result: yes
configure:9132: checking for gcc option to produce PIC
configure:9139: result: -fno-common -DPIC
configure:9147: checking if gcc PIC flag -fno-common -DPIC works
configure:9165: gcc -c -g -O2  -fno-common -DPIC -DPIC conftest.c >&5
configure:9169: $? = 0
configure:9182: result: yes
configure:9211: checking if gcc static flag -static works
configure:9239: result: no
configure:9254: checking if gcc supports -c -o file.o
configure:9275: gcc -c -g -O2  -o out/conftest2.o conftest.c >&5
configure:9279: $? = 0
configure:9301: result: yes
configure:9309: checking if gcc supports -c -o file.o
configure:9356: result: yes
configure:9389: checking whether the gcc linker (/Applications/Xcode.app/Contents/Developer/Toolchains/XcodeDefault.xctoolchain/usr/bin/ld) supports shared libraries
configure:10648: result: yes
configure:10888: checking dynamic linker characteristics
configure:11706: result: darwin19.3.0 dyld
configure:11828: checking how to hardcode library paths into programs
configure:11853: result: immediate
configure:12401: checking whether stripping libraries is possible
configure:12415: result: yes
configure:12441: checking if libtool supports shared libraries
configure:12443: result: yes
configure:12446: checking whether to build shared libraries
configure:12471: result: yes
configure:12474: checking whether to build static libraries
configure:12478: result: yes
configure:12501: checking how to run the C++ preprocessor
configure:12528: g++ -E  conftest.cpp
configure:12528: $? = 0
configure:12542: g++ -E  conftest.cpp
conftest.cpp:23:10: fatal error: 'ac_nonexistent.h' file not found
#include <ac_nonexistent.h>
         ^~~~~~~~~~~~~~~~~~
1 error generated.
configure:12542: $? = 1
configure: failed program was:
| /* confdefs.h */
| #define PACKAGE_NAME "MP4v2"
| #define PACKAGE_TARNAME "mp4v2"
| #define PACKAGE_VERSION "-r"
| #define PACKAGE_STRING "MP4v2 -r"
| #define PACKAGE_BUGREPORT "kidjan@gmail.com"
| #define PACKAGE_URL ""
| #define PACKAGE "mp4v2"
| #define VERSION "-r"
| #define STDC_HEADERS 1
| #define HAVE_SYS_TYPES_H 1
| #define HAVE_SYS_STAT_H 1
| #define HAVE_STDLIB_H 1
| #define HAVE_STRING_H 1
| #define HAVE_MEMORY_H 1
| #define HAVE_STRINGS_H 1
| #define HAVE_INTTYPES_H 1
| #define HAVE_STDINT_H 1
| #define HAVE_UNISTD_H 1
| #define HAVE_DLFCN_H 1
| #define LT_OBJDIR ".libs/"
| /* end confdefs.h.  */
| #include <ac_nonexistent.h>
configure:12567: result: g++ -E
configure:12587: g++ -E  conftest.cpp
configure:12587: $? = 0
configure:12601: g++ -E  conftest.cpp
conftest.cpp:23:10: fatal error: 'ac_nonexistent.h' file not found
#include <ac_nonexistent.h>
         ^~~~~~~~~~~~~~~~~~
1 error generated.
configure:12601: $? = 1
configure: failed program was:
| /* confdefs.h */
| #define PACKAGE_NAME "MP4v2"
| #define PACKAGE_TARNAME "mp4v2"
| #define PACKAGE_VERSION "-r"
| #define PACKAGE_STRING "MP4v2 -r"
| #define PACKAGE_BUGREPORT "kidjan@gmail.com"
| #define PACKAGE_URL ""
| #define PACKAGE "mp4v2"
| #define VERSION "-r"
| #define STDC_HEADERS 1
| #define HAVE_SYS_TYPES_H 1
| #define HAVE_SYS_STAT_H 1
| #define HAVE_STDLIB_H 1
| #define HAVE_STRING_H 1
| #define HAVE_MEMORY_H 1
| #define HAVE_STRINGS_H 1
| #define HAVE_INTTYPES_H 1
| #define HAVE_STDINT_H 1
| #define HAVE_UNISTD_H 1
| #define HAVE_DLFCN_H 1
| #define LT_OBJDIR ".libs/"
| /* end confdefs.h.  */
| #include <ac_nonexistent.h>
configure:12763: checking for ld used by g++
configure:12830: result: /Applications/Xcode.app/Contents/Developer/Toolchains/XcodeDefault.xctoolchain/usr/bin/ld
configure:12837: checking if the linker (/Applications/Xcode.app/Contents/Developer/Toolchains/XcodeDefault.xctoolchain/usr/bin/ld) is GNU ld
configure:12852: result: no
configure:12907: checking whether the g++ linker (/Applications/Xcode.app/Contents/Developer/Toolchains/XcodeDefault.xctoolchain/usr/bin/ld) supports shared libraries
configure:13980: result: yes
configure:14016: g++ -c -g -O2  conftest.cpp >&5
configure:14019: $? = 0
configure:14500: checking for g++ option to produce PIC
configure:14507: result: -fno-common -DPIC
configure:14515: checking if g++ PIC flag -fno-common -DPIC works
configure:14533: g++ -c -g -O2  -fno-common -DPIC -DPIC conftest.cpp >&5
configure:14537: $? = 0
configure:14550: result: yes
configure:14573: checking if g++ static flag -static works
configure:14601: result: no
configure:14613: checking if g++ supports -c -o file.o
configure:14634: g++ -c -g -O2  -o out/conftest2.o conftest.cpp >&5
configure:14638: $? = 0
configure:14660: result: yes
configure:14665: checking if g++ supports -c -o file.o
configure:14712: result: yes
configure:14742: checking whether the g++ linker (/Applications/Xcode.app/Contents/Developer/Toolchains/XcodeDefault.xctoolchain/usr/bin/ld) supports shared libraries
configure:14782: result: yes
configure:14923: checking dynamic linker characteristics
configure:15668: result: darwin19.3.0 dyld
configure:15733: checking how to hardcode library paths into programs
configure:15758: result: immediate
configure:15822: checking for help2man
configure:15850: result: no
configure:15863: checking MP4v2 platform portability
configure:15885: result: posix
configure:16008: checking if g++ supports -fvisibility
configure:16027: g++ -c -g -O2 -fvisibility=hidden  conftest.cpp >&5
configure:16027: $? = 0
configure:16039: result: yes
configure:16049: checking if GCC precompiled-headers should be created
configure:16083: result: yes
configure:16152: checking arch flags
configure:16187: result: none
configure:16395: checking that generated files are newer than configure
configure:16401: result: done
configure:16444: creating ./config.status

## ---------------------- ##
## Running config.status. ##
## ---------------------- ##

This file was extended by MP4v2 config.status -r, which was
generated by GNU Autoconf 2.69.  Invocation command line was

  CONFIG_FILES    = 
  CONFIG_HEADERS  = 
  CONFIG_LINKS    = 
  CONFIG_COMMANDS = 
  $ ./config.status 

on MC-MBP

config.status:1189: creating GNUmakefile
config.status:1189: creating include/mp4v2/project.h
config.status:1189: creating project/project.m4
config.status:1189: creating libplatform/config.h
config.status:1418: executing depfiles commands
config.status:1418: executing libtool commands

## ---------------- ##
## Cache variables. ##
## ---------------- ##

ac_cv_build=x86_64-apple-darwin19.3.0
ac_cv_c_compiler_gnu=yes
ac_cv_cxx_compiler_gnu=yes
ac_cv_env_CCC_set=
ac_cv_env_CCC_value=
ac_cv_env_CC_set=
ac_cv_env_CC_value=
ac_cv_env_CFLAGS_set=
ac_cv_env_CFLAGS_value=
ac_cv_env_CPPFLAGS_set=
ac_cv_env_CPPFLAGS_value=
ac_cv_env_CPP_set=
ac_cv_env_CPP_value=
ac_cv_env_CXXCPP_set=
ac_cv_env_CXXCPP_value=
ac_cv_env_CXXFLAGS_set=
ac_cv_env_CXXFLAGS_value=
ac_cv_env_CXX_set=
ac_cv_env_CXX_value=
ac_cv_env_LDFLAGS_set=
ac_cv_env_LDFLAGS_value=
ac_cv_env_LIBS_set=
ac_cv_env_LIBS_value=
ac_cv_env_LT_SYS_LIBRARY_PATH_set=
ac_cv_env_LT_SYS_LIBRARY_PATH_value=
ac_cv_env_build_alias_set=
ac_cv_env_build_alias_value=
ac_cv_env_host_alias_set=
ac_cv_env_host_alias_value=
ac_cv_env_target_alias_set=
ac_cv_env_target_alias_value=
ac_cv_header_dlfcn_h=yes
ac_cv_header_inttypes_h=yes
ac_cv_header_memory_h=yes
ac_cv_header_stdc=yes
ac_cv_header_stdint_h=yes
ac_cv_header_stdlib_h=yes
ac_cv_header_string_h=yes
ac_cv_header_strings_h=yes
ac_cv_header_sys_stat_h=yes
ac_cv_header_sys_types_h=yes
ac_cv_header_unistd_h=yes
ac_cv_host=x86_64-apple-darwin19.3.0
ac_cv_objext=o
ac_cv_path_EGREP='/usr/bin/grep -E'
ac_cv_path_FGREP='/usr/bin/grep -F'
ac_cv_path_GREP=/usr/bin/grep
ac_cv_path_SED=/usr/local/bin/gsed
ac_cv_path_install='/usr/local/bin/ginstall -c'
ac_cv_path_lt_DD=/bin/dd
ac_cv_path_mkdir=/usr/local/bin/gmkdir
ac_cv_prog_AWK=awk
ac_cv_prog_CPP='gcc -E'
ac_cv_prog_CXXCPP='g++ -E'
ac_cv_prog_FOUND_HELP2MAN=no
ac_cv_prog_ac_ct_AR=ar
ac_cv_prog_ac_ct_CC=gcc
ac_cv_prog_ac_ct_CXX=g++
ac_cv_prog_ac_ct_DSYMUTIL=dsymutil
ac_cv_prog_ac_ct_LIPO=lipo
ac_cv_prog_ac_ct_NMEDIT=nmedit
ac_cv_prog_ac_ct_OBJDUMP=objdump
ac_cv_prog_ac_ct_OTOOL=otool
ac_cv_prog_ac_ct_RANLIB=ranlib
ac_cv_prog_ac_ct_STRIP=strip
ac_cv_prog_cc_c89=
ac_cv_prog_cc_g=yes
ac_cv_prog_cxx_g=yes
ac_cv_prog_make_make_set=yes
am_cv_CC_dependencies_compiler_type=none
am_cv_CXX_dependencies_compiler_type=none
am_cv_make_support_nested_variables=yes
am_cv_prog_cc_c_o=yes
lt_cv_apple_cc_single_mod=yes
lt_cv_ar_at_file=no
lt_cv_deplibs_check_method=pass_all
lt_cv_file_magic_cmd='$MAGIC_CMD'
lt_cv_file_magic_test_file=
lt_cv_ld_exported_symbols_list=yes
lt_cv_ld_force_load=yes
lt_cv_ld_reload_flag=-r
lt_cv_nm_interface='BSD nm'
lt_cv_objdir=.libs
lt_cv_path_LD=/Applications/Xcode.app/Contents/Developer/Toolchains/XcodeDefault.xctoolchain/usr/bin/ld
lt_cv_path_LDCXX=/Applications/Xcode.app/Contents/Developer/Toolchains/XcodeDefault.xctoolchain/usr/bin/ld
lt_cv_path_NM='/usr/bin/nm -B'
lt_cv_path_mainfest_tool=no
lt_cv_prog_compiler_c_o=yes
lt_cv_prog_compiler_c_o_CXX=yes
lt_cv_prog_compiler_pic='-fno-common -DPIC'
lt_cv_prog_compiler_pic_CXX='-fno-common -DPIC'
lt_cv_prog_compiler_pic_works=yes
lt_cv_prog_compiler_pic_works_CXX=yes
lt_cv_prog_compiler_rtti_exceptions=yes
lt_cv_prog_compiler_static_works=no
lt_cv_prog_compiler_static_works_CXX=no
lt_cv_prog_gnu_ld=no
lt_cv_prog_gnu_ldcxx=no
lt_cv_sharedlib_from_linklib_cmd='printf %s\n'
lt_cv_sys_global_symbol_pipe='sed -n -e '\''s/^.*[	 ]\([BCDEGRST][BCDEGRST]*\)[	 ][	 ]*_\([_A-Za-z][_A-Za-z0-9]*\)$/\1 _\2 \2/p'\'' | sed '\''/ __gnu_lto/d'\'''
lt_cv_sys_global_symbol_to_c_name_address='sed -n -e '\''s/^: \(.*\) .*$/  {"\1", (void *) 0},/p'\'' -e '\''s/^[BCDEGRST][BCDEGRST]* .* \(.*\)$/  {"\1", (void *) \&\1},/p'\'''
lt_cv_sys_global_symbol_to_c_name_address_lib_prefix='sed -n -e '\''s/^: \(.*\) .*$/  {"\1", (void *) 0},/p'\'' -e '\''s/^[BCDEGRST][BCDEGRST]* .* \(lib.*\)$/  {"\1", (void *) \&\1},/p'\'' -e '\''s/^[BCDEGRST][BCDEGRST]* .* \(.*\)$/  {"lib\1", (void *) \&\1},/p'\'''
lt_cv_sys_global_symbol_to_cdecl='sed -n -e '\''s/^T .* \(.*\)$/extern int \1();/p'\'' -e '\''s/^[BCDEGRST][BCDEGRST]* .* \(.*\)$/extern char \1;/p'\'''
lt_cv_sys_global_symbol_to_import=
lt_cv_sys_max_cmd_len=196608
lt_cv_to_host_file_cmd=func_convert_file_noop
lt_cv_to_tool_file_cmd=func_convert_file_noop
lt_cv_truncate_bin='/bin/dd bs=4096 count=1'
x_cv_fvisibility=yes

## ----------------- ##
## Output variables. ##
## ----------------- ##

ACLOCAL='${SHELL} /Users/mc/repo/libmp4v2/autoaux/missing aclocal-1.16'
ADD_MANS_FALSE='#'
ADD_MANS_TRUE=''
ADD_PLATFORM_POSIX_FALSE='#'
ADD_PLATFORM_POSIX_TRUE=''
ADD_PLATFORM_WIN32_FALSE=''
ADD_PLATFORM_WIN32_TRUE='#'
ADD_UTIL_FALSE='#'
ADD_UTIL_TRUE=''
AMDEPBACKSLASH=''
AMDEP_FALSE=''
AMDEP_TRUE='#'
AMTAR='$${TAR-tar}'
AM_BACKSLASH='\'
AM_DEFAULT_V='$(AM_DEFAULT_VERBOSITY)'
AM_DEFAULT_VERBOSITY='1'
AM_V='$(V)'
AR='ar'
AUTOCONF='${SHELL} /Users/mc/repo/libmp4v2/autoaux/missing autoconf'
AUTOHEADER='${SHELL} /Users/mc/repo/libmp4v2/autoaux/missing autoheader'
AUTOMAKE='${SHELL} /Users/mc/repo/libmp4v2/autoaux/missing automake-1.16'
AWK='awk'
CC='gcc'
CCDEPMODE='depmode=none'
CFLAGS='-g -O2'
CPP='gcc -E'
CPPFLAGS=''
CXX='g++'
CXXCPP='g++ -E'
CXXDEPMODE='depmode=none'
CXXFLAGS='-g -O2 -fvisibility=hidden'
CYGPATH_W='echo'
DEFS='-DHAVE_CONFIG_H'
DEPDIR='.deps'
DLLTOOL='false'
DSYMUTIL='dsymutil'
DUMPBIN=''
ECHO_C='\c'
ECHO_N=''
ECHO_T=''
EGREP='/usr/bin/grep -E'
EXEEXT=''
FGREP='/usr/bin/grep -F'
FOUND_HELP2MAN='no'
GREP='/usr/bin/grep'
INSTALL_DATA='${INSTALL} -m 644'
INSTALL_PROGRAM='${INSTALL}'
INSTALL_SCRIPT='${INSTALL}'
INSTALL_STRIP_PROGRAM='$(install_sh) -c -s'
LD='/Applications/Xcode.app/Contents/Developer/Toolchains/XcodeDefault.xctoolchain/usr/bin/ld'
LDFLAGS=''
LIBOBJS=''
LIBS=''
LIBTOOL='$(SHELL) $(top_builddir)/libtool'
LIPO='lipo'
LN_S='ln -s'
LTLIBOBJS=''
LT_SYS_LIBRARY_PATH=''
MAKEINFO='${SHELL} /Users/mc/repo/libmp4v2/autoaux/missing makeinfo'
MANIFEST_TOOL=':'
MKDIR_P='/usr/local/bin/gmkdir -p'
NM='/usr/bin/nm -B'
NMEDIT='nmedit'
OBJDUMP='objdump'
OBJEXT='o'
OTOOL64=':'
OTOOL='otool'
PACKAGE='mp4v2'
PACKAGE_BUGREPORT='kidjan@gmail.com'
PACKAGE_NAME='MP4v2'
PACKAGE_STRING='MP4v2 -r'
PACKAGE_TARNAME='mp4v2'
PACKAGE_URL=''
PACKAGE_VERSION='-r'
PATH_SEPARATOR=':'
PROJECT_bugreport='<kidjan@gmail.com>'
PROJECT_build='Tue Apr 28 19:56:26 PDT 2020'
PROJECT_irc='irc://irc.freenode.net/handbrake'
PROJECT_name='MP4v2'
PROJECT_name_formal='MP4v2 -r'
PROJECT_name_lower='mp4v2'
PROJECT_name_upper='MP4V2'
PROJECT_repo_branch='unknown'
PROJECT_repo_date='unknown'
PROJECT_repo_rev='0'
PROJECT_repo_root='svn://nowhere.com/project'
PROJECT_repo_type='developer'
PROJECT_repo_url='svn://nowhere.com/project/unknown'
PROJECT_repo_uuid='00000000-0000-0000-0000-000000000000'
PROJECT_url_discussion='http://groups.google.com/group/mp4v2'
PROJECT_url_downloads='http://code.google.com/p/mp4v2/downloads/list'
PROJECT_url_website='http://code.google.com/p/mp4v2'
PROJECT_version='-r'
PROJECT_version_hex='0x00020100'
PROJECT_version_major='2'
PROJECT_version_minor='1'
PROJECT_version_point='0'
RANLIB='ranlib'
SED='/usr/local/bin/gsed'
SET_MAKE=''
SHELL='/bin/sh'
STRIP='strip'
VERSION='-r'
X_CXX_ARCH=''
X_CXX_D=''
X_CXX_I=''
X_CXX_W=''
X_GCH='1'
X_GCH_FLAGS=''
X_GCH_SHARED='1'
X_GCH_SHARED_FLAGS=' -fno-common -DPIC'
X_GCH_STATIC='1'
X_GCH_STATIC_FLAGS=''
X_MINGW_LIBS=''
X_libmp4v2_la_LDFLAGS='-Wl,-current_version,$(PROJECT_version_major).$(PROJECT_version_minor).$(PROJECT_version_point) -Wl,-compatibility_version,$(PROJECT_version_major).0.0'
ac_ct_AR='ar'
ac_ct_CC='gcc'
ac_ct_CXX='g++'
ac_ct_DUMPBIN=''
am__EXEEXT_FALSE=''
am__EXEEXT_TRUE='#'
am__fastdepCC_FALSE=''
am__fastdepCC_TRUE='#'
am__fastdepCXX_FALSE=''
am__fastdepCXX_TRUE='#'
am__include='include'
am__isrc=''
am__leading_dot='.'
am__nodep=''
am__quote=''
am__tar='$${TAR-tar} chof - "$$tardir"'
am__untar='$${TAR-tar} xf -'
bindir='${exec_prefix}/bin'
build='x86_64-apple-darwin19.3.0'
build_alias=''
build_cpu='x86_64'
build_os='darwin19.3.0'
build_vendor='apple'
datadir='${datarootdir}'
datarootdir='${prefix}/share'
docdir='${datarootdir}/doc/${PACKAGE_TARNAME}'
dvidir='${docdir}'
exec_prefix='${prefix}'
host='x86_64-apple-darwin19.3.0'
host_alias=''
host_cpu='x86_64'
host_os='darwin19.3.0'
host_vendor='apple'
htmldir='${docdir}'
includedir='${prefix}/include'
infodir='${datarootdir}/info'
install_sh='${SHELL} /Users/mc/repo/libmp4v2/autoaux/install-sh'
libdir='${exec_prefix}/lib'
libexecdir='${exec_prefix}/libexec'
localedir='${datarootdir}/locale'
localstatedir='${prefix}/var'
mandir='${datarootdir}/man'
mkdir_p='$(MKDIR_P)'
oldincludedir='/usr/include'
pdfdir='${docdir}'
prefix='/usr/local'
program_transform_name='s,x,x,'
psdir='${docdir}'
sbindir='${exec_prefix}/sbin'
sharedstatedir='${prefix}/com'
sysconfdir='${prefix}/etc'
target_alias=''

## ----------- ##
## confdefs.h. ##
## ----------- ##

/* confdefs.h */
#define PACKAGE_NAME "MP4v2"
#define PACKAGE_TARNAME "mp4v2"
#define PACKAGE_VERSION "-r"
#define PACKAGE_STRING "MP4v2 -r"
#define PACKAGE_BUGREPORT "kidjan@gmail.com"
#define PACKAGE_URL ""
#define PACKAGE "mp4v2"
#define VERSION "-r"
#define STDC_HEADERS 1
#define HAVE_SYS_TYPES_H 1
#define HAVE_SYS_STAT_H 1
#define HAVE_STDLIB_H 1
#define HAVE_STRING_H 1
#define HAVE_MEMORY_H 1
#define HAVE_STRINGS_H 1
#define HAVE_INTTYPES_H 1
#define HAVE_STDINT_H 1
#define HAVE_UNISTD_H 1
#define HAVE_DLFCN_H 1
#define LT_OBJDIR ".libs/"

configure: exit 0
